#
# There is insufficient memory for the Java Runtime Environment to continue.
# Native memory allocation (malloc) failed to allocate 1048576 bytes for AllocateHeap
# Possible reasons:
#   The system is out of physical RAM or swap space
#   The process is running with CompressedOops enabled, and the Java Heap may be blocking the growth of the native heap
# Possible solutions:
#   Reduce memory load on the system
#   Increase physical memory or swap space
#   Check if swap backing store is full
#   Decrease Java heap size (-Xmx/-Xms)
#   Decrease number of Java threads
#   Decrease Java thread stack sizes (-Xss)
#   Set larger code cache with -XX:ReservedCodeCacheSize=
#   JVM is running with Zero Based Compressed Oops mode in which the Java heap is
#     placed in the first 32GB address space. The Java Heap base address is the
#     maximum limit for the native heap growth. Please use -XX:HeapBaseMinAddress
#     to set the Java Heap base and to place the Java Heap above 32GB virtual address.
# This output file may be truncated or incomplete.
#
#  Out of Memory Error (allocation.cpp:44), pid=30180, tid=39700
#
# JRE version:  (17.0.10+1) (build )
# Java VM: OpenJDK 64-Bit Server VM (17.0.10+1-b1087.23, mixed mode, sharing, tiered, compressed oops, compressed class ptrs, g1 gc, windows-amd64)
# No core dump will be written. Minidumps are not enabled by default on client versions of Windows
#

---------------  S U M M A R Y ------------

Command Line: git4idea.http.GitAskPassApp Username for 'https://github.com': 

Host: AMD Ryzen 5 5500U with Radeon Graphics         , 12 cores, 15G,  Windows 11 , 64 bit Build 26100 (10.0.26100.7523)
Time: Tue Jan 20 09:53:16 2026 India Standard Time elapsed time: 1.138129 seconds (0d 0h 0m 1s)

---------------  T H R E A D  ---------------

Current thread (0x000001b6f2e6b210):  JavaThread "Unknown thread" [_thread_in_vm, id=39700, stack(0x0000009bbe900000,0x0000009bbea00000)]

Stack: [0x0000009bbe900000,0x0000009bbea00000]
Native frames: (J=compiled Java code, j=interpreted, Vv=VM code, C=native code)
V  [jvm.dll+0x688a29]
V  [jvm.dll+0x84216a]
V  [jvm.dll+0x843dae]
V  [jvm.dll+0x844413]
V  [jvm.dll+0x24ba8f]
V  [jvm.dll+0xa6ca3]
V  [jvm.dll+0x2eb867]
V  [jvm.dll+0x2e34fb]
V  [jvm.dll+0x812cd1]
V  [jvm.dll+0x3718e1]
V  [jvm.dll+0x7f1836]
V  [jvm.dll+0x3f553f]
V  [jvm.dll+0x3f7171]
C  [jli.dll+0x528f]
C  [ucrtbase.dll+0x37b0]
C  [KERNEL32.DLL+0x2e8d7]
C  [ntdll.dll+0x8c3dc]


---------------  P R O C E S S  ---------------

Threads class SMR info:
_java_thread_list=0x00007fff65ceef58, length=0, elements={
}

Java Threads: ( => current thread )

Other Threads:
  0x000001b6f2ed5670 GCTaskThread "GC Thread#0" [stack: 0x0000009bbea00000,0x0000009bbeb00000] [id=6104]

[error occurred during error reporting (printing all threads), id 0xc0000005, EXCEPTION_ACCESS_VIOLATION (0xc0000005) at pc=0x00007fff654a07b0]

VM state: not at safepoint (not fully initialized)

VM Mutex/Monitor currently owned by a thread:  ([mutex/lock_event])
[0x000001b6f2e64b30] Heap_lock - owner thread: 0x000001b6f2e6b210

Heap address: 0x000000070ac00000, size: 3924 MB, Compressed Oops mode: Zero based, Oop shift amount: 3

CDS archive(s) mapped at: [0x0000000000000000-0x0000000000000000-0x0000000000000000), size 0, SharedBaseAddress: 0x0000000800000000, ArchiveRelocationMode: 1.
Narrow klass base: 0x0000000000000000, Narrow klass shift: 0, Narrow klass range: 0x0

GC Precious Log:
<Empty>

Heap:
 garbage-first heap   total 0K, used 0K [0x000000070ac00000, 0x0000000800000000)
  region size 2048K, 0 young (0K), 0 survivors (0K)
 Metaspace       used 0K, committed 0K, reserved 0K
  class space    used 0K, committed 0K, reserved 0K

Heap Regions: E=young(eden), S=young(survivor), O=old, HS=humongous(starts), HC=humongous(continues), CS=collection set, F=free, OA=open archive, CA=closed archive, TAMS=top-at-mark-start (previous, next)

Card table byte_map: [0x000001b6f9020000,0x000001b6f97d0000] _byte_map_base: 0x000001b6f57ca000

GC Heap History (0 events):
No events

Dll operation events (1 events):
Event: 0.010 Loaded shared library G:\INSTALLED APPS\IntelliJ IDEA Community Edition 2023.3.4\jbr\bin\java.dll

Deoptimization events (0 events):
No events

Classes unloaded (0 events):
No events

Classes redefined (0 events):
No events

Internal exceptions (0 events):
No events

VM Operations (0 events):
No events

Events (0 events):
No events


Dynamic libraries:
0x00007ff78c8e0000 - 0x00007ff78c8ea000 	G:\INSTALLED APPS\IntelliJ IDEA Community Edition 2023.3.4\jbr\bin\java.exe
0x00007ff851c80000 - 0x00007ff851ee7000 	C:\WINDOWS\SYSTEM32\ntdll.dll
0x00007ff850940000 - 0x00007ff850a09000 	C:\WINDOWS\System32\KERNEL32.DLL
0x00007ff84ee00000 - 0x00007ff84f1f1000 	C:\WINDOWS\System32\KERNELBASE.dll
0x00007ff84f8d0000 - 0x00007ff84fa1b000 	C:\WINDOWS\System32\ucrtbase.dll
0x00007ff81bc60000 - 0x00007ff81bc77000 	G:\INSTALLED APPS\IntelliJ IDEA Community Edition 2023.3.4\jbr\bin\jli.dll
0x00007ff845c40000 - 0x00007ff845c5b000 	G:\INSTALLED APPS\IntelliJ IDEA Community Edition 2023.3.4\jbr\bin\VCRUNTIME140.dll
0x00007ff84fc90000 - 0x00007ff84fe55000 	C:\WINDOWS\System32\USER32.dll
0x00007ff84edd0000 - 0x00007ff84edf7000 	C:\WINDOWS\System32\win32u.dll
0x00007ff84fc60000 - 0x00007ff84fc8b000 	C:\WINDOWS\System32\GDI32.dll
0x00007ff84f630000 - 0x00007ff84f75b000 	C:\WINDOWS\System32\gdi32full.dll
0x00007ff84f820000 - 0x00007ff84f8c3000 	C:\WINDOWS\System32\msvcp_win.dll
0x00007ff83c050000 - 0x00007ff83c2e3000 	C:\WINDOWS\WinSxS\amd64_microsoft.windows.common-controls_6595b64144ccf1df_6.0.26100.7344_none_3e0a71fae332857b\COMCTL32.dll
0x00007ff850560000 - 0x00007ff850609000 	C:\WINDOWS\System32\msvcrt.dll
0x00007ff850740000 - 0x00007ff850771000 	C:\WINDOWS\System32\IMM32.DLL
0x00007ff845b90000 - 0x00007ff845b9c000 	G:\INSTALLED APPS\IntelliJ IDEA Community Edition 2023.3.4\jbr\bin\vcruntime140_1.dll
0x00007ff82f0f0000 - 0x00007ff82f17d000 	G:\INSTALLED APPS\IntelliJ IDEA Community Edition 2023.3.4\jbr\bin\msvcp140.dll
0x00007fff651b0000 - 0x00007fff65e33000 	G:\INSTALLED APPS\IntelliJ IDEA Community Edition 2023.3.4\jbr\bin\server\jvm.dll
0x00007ff850460000 - 0x00007ff850514000 	C:\WINDOWS\System32\ADVAPI32.dll
0x00007ff850690000 - 0x00007ff850736000 	C:\WINDOWS\System32\sechost.dll
0x00007ff850d10000 - 0x00007ff850e28000 	C:\WINDOWS\System32\RPCRT4.dll
0x00007ff83e160000 - 0x00007ff83e16a000 	C:\WINDOWS\SYSTEM32\WSOCK32.dll
0x00007ff847890000 - 0x00007ff84789b000 	C:\WINDOWS\SYSTEM32\VERSION.dll
0x00007ff84e3c0000 - 0x00007ff84e41e000 	C:\WINDOWS\SYSTEM32\POWRPROF.dll
0x00007ff844d90000 - 0x00007ff844dc5000 	C:\WINDOWS\SYSTEM32\WINMM.dll
0x00007ff850eb0000 - 0x00007ff850f24000 	C:\WINDOWS\System32\WS2_32.dll
0x00007ff84e3a0000 - 0x00007ff84e3b4000 	C:\WINDOWS\SYSTEM32\UMPDC.dll
0x00007ff84d310000 - 0x00007ff84d32b000 	C:\WINDOWS\SYSTEM32\kernel.appcore.dll
0x00007ff83dc90000 - 0x00007ff83dc9a000 	G:\INSTALLED APPS\IntelliJ IDEA Community Edition 2023.3.4\jbr\bin\jimage.dll
0x00007ff84c710000 - 0x00007ff84c952000 	C:\WINDOWS\SYSTEM32\DBGHELP.DLL
0x00007ff850f80000 - 0x00007ff851306000 	C:\WINDOWS\System32\combase.dll
0x00007ff84fb20000 - 0x00007ff84fbf7000 	C:\WINDOWS\System32\OLEAUT32.dll
0x00007ff83bf20000 - 0x00007ff83bf5b000 	C:\WINDOWS\SYSTEM32\dbgcore.DLL
0x00007ff84f200000 - 0x00007ff84f2a5000 	C:\WINDOWS\System32\bcryptPrimitives.dll
0x00007ff81d8f0000 - 0x00007ff81d915000 	G:\INSTALLED APPS\IntelliJ IDEA Community Edition 2023.3.4\jbr\bin\java.dll

dbghelp: loaded successfully - version: 4.0.5 - missing functions: none
symbol engine: initialized successfully - sym options: 0x614 - pdb path: .;G:\INSTALLED APPS\IntelliJ IDEA Community Edition 2023.3.4\jbr\bin;C:\WINDOWS\SYSTEM32;C:\WINDOWS\WinSxS\amd64_microsoft.windows.common-controls_6595b64144ccf1df_6.0.26100.7344_none_3e0a71fae332857b;G:\INSTALLED APPS\IntelliJ IDEA Community Edition 2023.3.4\jbr\bin\server

VM Arguments:
java_command: git4idea.http.GitAskPassApp Username for 'https://github.com': 
java_class_path (initial): G:/INSTALLED APPS/IntelliJ IDEA Community Edition 2023.3.4/plugins/vcs-git/lib/git4idea-rt.jar;G:/INSTALLED APPS/IntelliJ IDEA Community Edition 2023.3.4/lib/externalProcess-rt.jar
Launcher Type: SUN_STANDARD

[Global flags]
     intx CICompilerCount                          = 4                                         {product} {ergonomic}
     uint ConcGCThreads                            = 3                                         {product} {ergonomic}
     uint G1ConcRefinementThreads                  = 10                                        {product} {ergonomic}
   size_t G1HeapRegionSize                         = 2097152                                   {product} {ergonomic}
    uintx GCDrainStackTargetSize                   = 64                                        {product} {ergonomic}
   size_t InitialHeapSize                          = 257949696                                 {product} {ergonomic}
   size_t MarkStackSize                            = 4194304                                   {product} {ergonomic}
   size_t MaxHeapSize                              = 4114612224                                {product} {ergonomic}
   size_t MinHeapDeltaBytes                        = 2097152                                   {product} {ergonomic}
   size_t MinHeapSize                              = 8388608                                   {product} {ergonomic}
    uintx NonNMethodCodeHeapSize                   = 5839372                                {pd product} {ergonomic}
    uintx NonProfiledCodeHeapSize                  = 122909434                              {pd product} {ergonomic}
    uintx ProfiledCodeHeapSize                     = 122909434                              {pd product} {ergonomic}
    uintx ReservedCodeCacheSize                    = 251658240                              {pd product} {ergonomic}
     bool SegmentedCodeCache                       = true                                      {product} {ergonomic}
   size_t SoftMaxHeapSize                          = 4114612224                             {manageable} {ergonomic}
     bool UseCompressedClassPointers               = true                           {product lp64_product} {ergonomic}
     bool UseCompressedOops                        = true                           {product lp64_product} {ergonomic}
     bool UseG1GC                                  = true                                      {product} {ergonomic}
     bool UseLargePagesIndividualAllocation        = false                                  {pd product} {ergonomic}

Logging:
Log output configuration:
 #0: stdout all=warning uptime,level,tags
 #1: stderr all=off uptime,level,tags

Environment Variables:
PATH=G:\INSTALLED APPS\GIT\mingw64\libexec\git-core;G:\INSTALLED APPS\GIT\mingw64\libexec\git-core;G:\INSTALLED APPS\GIT\mingw64\bin;G:\INSTALLED APPS\GIT\usr\bin;C:\Users\Rishav\bin;C:\Program Files\Common Files\Oracle\Java\javapath;C:\Python312\Scripts;C:\Python312;C:\WINDOWS\system32;C:\WINDOWS;C:\WINDOWS\System32\Wbem;C:\WINDOWS\System32\WindowsPowerShell\v1.0;C:\WINDOWS\System32\OpenSSH;C:\ProgramData\chocolatey\bin;G:\INSTALLED APPS\GIT\cmd;G:\INSTALLED APPS\GIT\mingw64\bin;G:\INSTALLED APPS\GIT\usr\bin;H:\MATLAB origi\bin;C:\Program Files\MongoDB\Server\8.0\bin;G:\INSTALLED APPS\apache-maven-3.9.9\bin;G:\INSTALLED APPS\Matlab\bin;C:\Program Files\dotnet;C:\Users\Rishav\AppData\Local\nvm;C:\nvm4w\nodejs;C:\Program Files\Docker\Docker\resources\bin;C:\Program Files\MySQL\MySQL Shell 8.0\bin;G:\INSTALLED APPS\PYTHON3.9\Scripts;G:\INSTALLED APPS\PYTHON3.9;C:\Users\Rishav\AppData\Local\Microsoft\WindowsApps;G:\INSTALLED APPS\PYTHON\Scripts;G:\INSTALLED APPS\Microsoft VS Code\bin;G:\INSTALLED APPS\PYTHON;C:\Users\Rishav\AppData\Roaming\npm;G:\INSTALLED APPS\IntelliJ IDEA Community Edition 2023.3.4\bin;C:\Program Files\MongoDB\Server\8.0\bin;G:\INSTALLED APPS\apache-maven-3.9.9\bin;C:\Users\Rishav\AppData\Local\Muse Hub\lib;C:\Users\Rishav\AppData\Local\nvm;C:\nvm4w\nodejs
USERNAME=Rishav
DISPLAY=:0.0
LC_ALL=en_US.UTF-8
TERM=xterm-256color
TMPDIR=C:\Users\Rishav\AppData\Local\Temp
OS=Windows_NT
PROCESSOR_IDENTIFIER=AMD64 Family 23 Model 104 Stepping 1, AuthenticAMD
TMP=C:\Users\Rishav\AppData\Local\Temp
TEMP=C:\Users\Rishav\AppData\Local\Temp



Periodic native trim disabled

JNI global refs:
JNI global refs: 0, weak refs: 0

JNI global refs memory usage: 0, weak refs: 0

OOME stack traces (most recent first):
Classloader memory used:


---------------  S Y S T E M  ---------------

OS:
 Windows 11 , 64 bit Build 26100 (10.0.26100.7523)
OS uptime: 4 days 9:23 hours
Hyper-V role detected

CPU: total 12 (initial active 12) (12 cores per cpu, 2 threads per core) family 23 model 104 stepping 1 microcode 0x8608109, cx8, cmov, fxsr, ht, mmx, 3dnowpref, sse, sse2, sse3, ssse3, sse4a, sse4.1, sse4.2, popcnt, lzcnt, tsc, tscinvbit, avx, avx2, aes, clmul, bmi1, bmi2, adx, sha, fma, vzeroupper, clflush, clflushopt, hv
Processor Information for all 12 processors :
  Max Mhz: 2100, Current Mhz: 2100, Mhz Limit: 2100

Memory: 4k page, system-wide physical 15693M (846M free)
TotalPageFile size 40182M (AvailPageFile size 242M)
current process WorkingSet (physical memory assigned to process): 12M, peak: 12M
current process commit charge ("private bytes"): 62M, peak: 63M

vm_info: OpenJDK 64-Bit Server VM (17.0.10+1-b1087.23) for windows-amd64 JRE (17.0.10+1-b1087.23), built on 2024-03-18 by "builduser" with MS VC++ 16.10 / 16.11 (VS2019)

END.
